13:23:19 **** Incremental Build of configuration Debug for project TP-4 ****
Info: Internal Builder is used for build
gcc -O0 -g3 -Wall -c -fmessage-length=0 -o "src\\LinkedList.o" "..\\src\\LinkedList.c" 
gcc -O0 -g3 -Wall -c -fmessage-length=0 -o "src\\main.o" "..\\src\\main.c" 
gcc -o TP-4 "src\\LinkedList.o" "src\\main.o" "testing\\src\\Employee.o" "testing\\src\\addNodeTest.o" "testing\\src\\addTest.o" "testing\\src\\clearTest.o" "testing\\src\\cloneTest.o" "testing\\src\\containsAllTest.o" "testing\\src\\containsTest.o" "testing\\src\\deleteLinkedListTest.o" "testing\\src\\getNodeTest.o" "testing\\src\\getTest.o" "testing\\src\\indexOfTest.o" "testing\\src\\isEmptyTest.o" "testing\\src\\lenTest.o" "testing\\src\\main_test.o" "testing\\src\\newTest.o" "testing\\src\\popTest.o" "testing\\src\\pushTest.o" "testing\\src\\removeTest.o" "testing\\src\\setTest.o" "testing\\src\\sortTest.o" "testing\\src\\subListTest.o" "testing\\utest.o" 
Info: Nothing to build for TP-4
13:23:40 **** Incremental Build of configuration Debug for project TP-4 ****
Info: Internal Builder is used for build
gcc -O0 -g3 -Wall -c -fmessage-length=0 -o "src\\LinkedList.o" "..\\src\\LinkedList.c" 
gcc -o TP-4 "src\\LinkedList.o" "src\\main.o" "testing\\src\\Employee.o" "testing\\src\\addNodeTest.o" "testing\\src\\addTest.o" "testing\\src\\clearTest.o" "testing\\src\\cloneTest.o" "testing\\src\\containsAllTest.o" "testing\\src\\containsTest.o" "testing\\src\\deleteLinkedListTest.o" "testing\\src\\getNodeTest.o" "testing\\src\\getTest.o" "testing\\src\\indexOfTest.o" "testing\\src\\isEmptyTest.o" "testing\\src\\lenTest.o" "testing\\src\\main_test.o" "testing\\src\\newTest.o" "testing\\src\\popTest.o" "testing\\src\\pushTest.o" "testing\\src\\removeTest.o" "testing\\src\\setTest.o" "testing\\src\\sortTest.o" "testing\\src\\subListTest.o" "testing\\utest.o" 
13:24:21 **** Incremental Build of configuration Debug for project TP-4 ****
Info: Internal Builder is used for build
gcc -O0 -g3 -Wall -c -fmessage-length=0 -o "src\\main.o" "..\\src\\main.c" 
gcc -O0 -g3 -Wall -c -fmessage-length=0 -o "src\\LinkedList.o" "..\\src\\LinkedList.c" 
gcc -o TP-4 "src\\LinkedList.o" "src\\main.o" "testing\\src\\Employee.o" "testing\\src\\addNodeTest.o" "testing\\src\\addTest.o" "testing\\src\\clearTest.o" "testing\\src\\cloneTest.o" "testing\\src\\containsAllTest.o" "testing\\src\\containsTest.o" "testing\\src\\deleteLinkedListTest.o" "testing\\src\\getNodeTest.o" "testing\\src\\getTest.o" "testing\\src\\indexOfTest.o" "testing\\src\\isEmptyTest.o" "testing\\src\\lenTest.o" "testing\\src\\main_test.o" "testing\\src\\newTest.o" "testing\\src\\popTest.o" "testing\\src\\pushTest.o" "testing\\src\\removeTest.o" "testing\\src\\setTest.o" "testing\\src\\sortTest.o" "testing\\src\\subListTest.o" "testing\\utest.o" 
13:37:01 **** Incremental Build of configuration Debug for project TP-4 ****
Info: Internal Builder is used for build
gcc -O0 -g3 -Wall -c -fmessage-length=0 -o "src\\LinkedList.o" "..\\src\\LinkedList.c" 
gcc -o TP-4 "src\\LinkedList.o" "src\\main.o" "testing\\src\\Employee.o" "testing\\src\\addNodeTest.o" "testing\\src\\addTest.o" "testing\\src\\clearTest.o" "testing\\src\\cloneTest.o" "testing\\src\\containsAllTest.o" "testing\\src\\containsTest.o" "testing\\src\\deleteLinkedListTest.o" "testing\\src\\getNodeTest.o" "testing\\src\\getTest.o" "testing\\src\\indexOfTest.o" "testing\\src\\isEmptyTest.o" "testing\\src\\lenTest.o" "testing\\src\\main_test.o" "testing\\src\\newTest.o" "testing\\src\\popTest.o" "testing\\src\\pushTest.o" "testing\\src\\removeTest.o" "testing\\src\\setTest.o" "testing\\src\\sortTest.o" "testing\\src\\subListTest.o" "testing\\utest.o" 
13:46:21 **** Incremental Build of configuration Debug for project TP-4 ****
Info: Internal Builder is used for build
gcc -O0 -g3 -Wall -c -fmessage-length=0 -o "src\\main.o" "..\\src\\main.c" 
gcc -o TP-4 "src\\LinkedList.o" "src\\main.o" "testing\\src\\Employee.o" "testing\\src\\addNodeTest.o" "testing\\src\\addTest.o" "testing\\src\\clearTest.o" "testing\\src\\cloneTest.o" "testing\\src\\containsAllTest.o" "testing\\src\\containsTest.o" "testing\\src\\deleteLinkedListTest.o" "testing\\src\\getNodeTest.o" "testing\\src\\getTest.o" "testing\\src\\indexOfTest.o" "testing\\src\\isEmptyTest.o" "testing\\src\\lenTest.o" "testing\\src\\main_test.o" "testing\\src\\newTest.o" "testing\\src\\popTest.o" "testing\\src\\pushTest.o" "testing\\src\\removeTest.o" "testing\\src\\setTest.o" "testing\\src\\sortTest.o" "testing\\src\\subListTest.o" "testing\\utest.o" 
13:49:08 **** Incremental Build of configuration Debug for project TP-4 ****
Info: Internal Builder is used for build
gcc -O0 -g3 -Wall -c -fmessage-length=0 -o "src\\LinkedList.o" "..\\src\\LinkedList.c" 
gcc -o TP-4 "src\\LinkedList.o" "src\\main.o" "testing\\src\\Employee.o" "testing\\src\\addNodeTest.o" "testing\\src\\addTest.o" "testing\\src\\clearTest.o" "testing\\src\\cloneTest.o" "testing\\src\\containsAllTest.o" "testing\\src\\containsTest.o" "testing\\src\\deleteLinkedListTest.o" "testing\\src\\getNodeTest.o" "testing\\src\\getTest.o" "testing\\src\\indexOfTest.o" "testing\\src\\isEmptyTest.o" "testing\\src\\lenTest.o" "testing\\src\\main_test.o" "testing\\src\\newTest.o" "testing\\src\\popTest.o" "testing\\src\\pushTest.o" "testing\\src\\removeTest.o" "testing\\src\\setTest.o" "testing\\src\\sortTest.o" "testing\\src\\subListTest.o" "testing\\utest.o" 
13:50:30 **** Incremental Build of configuration Debug for project TP-4 ****
Info: Internal Builder is used for build
gcc -O0 -g3 -Wall -c -fmessage-length=0 -o "src\\main.o" "..\\src\\main.c" 
gcc -O0 -g3 -Wall -c -fmessage-length=0 -o "src\\LinkedList.o" "..\\src\\LinkedList.c" 
gcc -o TP-4 "src\\LinkedList.o" "src\\main.o" "testing\\src\\Employee.o" "testing\\src\\addNodeTest.o" "testing\\src\\addTest.o" "testing\\src\\clearTest.o" "testing\\src\\cloneTest.o" "testing\\src\\containsAllTest.o" "testing\\src\\containsTest.o" "testing\\src\\deleteLinkedListTest.o" "testing\\src\\getNodeTest.o" "testing\\src\\getTest.o" "testing\\src\\indexOfTest.o" "testing\\src\\isEmptyTest.o" "testing\\src\\lenTest.o" "testing\\src\\main_test.o" "testing\\src\\newTest.o" "testing\\src\\popTest.o" "testing\\src\\pushTest.o" "testing\\src\\removeTest.o" "testing\\src\\setTest.o" "testing\\src\\sortTest.o" "testing\\src\\subListTest.o" "testing\\utest.o" 
14:01:06 **** Incremental Build of configuration Debug for project TP-4 ****
Info: Internal Builder is used for build
gcc -O0 -g3 -Wall -c -fmessage-length=0 -o "src\\LinkedList.o" "..\\src\\LinkedList.c" 
gcc -o TP-4 "src\\LinkedList.o" "src\\main.o" "testing\\src\\Employee.o" "testing\\src\\addNodeTest.o" "testing\\src\\addTest.o" "testing\\src\\clearTest.o" "testing\\src\\cloneTest.o" "testing\\src\\containsAllTest.o" "testing\\src\\containsTest.o" "testing\\src\\deleteLinkedListTest.o" "testing\\src\\getNodeTest.o" "testing\\src\\getTest.o" "testing\\src\\indexOfTest.o" "testing\\src\\isEmptyTest.o" "testing\\src\\lenTest.o" "testing\\src\\main_test.o" "testing\\src\\newTest.o" "testing\\src\\popTest.o" "testing\\src\\pushTest.o" "testing\\src\\removeTest.o" "testing\\src\\setTest.o" "testing\\src\\sortTest.o" "testing\\src\\subListTest.o" "testing\\utest.o" 
14:03:07 **** Incremental Build of configuration Debug for project TP-4 ****
Info: Internal Builder is used for build
gcc -O0 -g3 -Wall -c -fmessage-length=0 -o "src\\LinkedList.o" "..\\src\\LinkedList.c" 
gcc -o TP-4 "src\\LinkedList.o" "src\\main.o" "testing\\src\\Employee.o" "testing\\src\\addNodeTest.o" "testing\\src\\addTest.o" "testing\\src\\clearTest.o" "testing\\src\\cloneTest.o" "testing\\src\\containsAllTest.o" "testing\\src\\containsTest.o" "testing\\src\\deleteLinkedListTest.o" "testing\\src\\getNodeTest.o" "testing\\src\\getTest.o" "testing\\src\\indexOfTest.o" "testing\\src\\isEmptyTest.o" "testing\\src\\lenTest.o" "testing\\src\\main_test.o" "testing\\src\\newTest.o" "testing\\src\\popTest.o" "testing\\src\\pushTest.o" "testing\\src\\removeTest.o" "testing\\src\\setTest.o" "testing\\src\\sortTest.o" "testing\\src\\subListTest.o" "testing\\utest.o" 
14:44:11 **** Incremental Build of configuration Debug for project TP-4 ****
Info: Internal Builder is used for build
gcc -O0 -g3 -Wall -c -fmessage-length=0 -o "src\\main.o" "..\\src\\main.c" 
gcc -O0 -g3 -Wall -c -fmessage-length=0 -o "src\\LinkedList.o" "..\\src\\LinkedList.c" 
gcc -o TP-4 "src\\LinkedList.o" "src\\main.o" "testing\\src\\Employee.o" "testing\\src\\addNodeTest.o" "testing\\src\\addTest.o" "testing\\src\\clearTest.o" "testing\\src\\cloneTest.o" "testing\\src\\containsAllTest.o" "testing\\src\\containsTest.o" "testing\\src\\deleteLinkedListTest.o" "testing\\src\\getNodeTest.o" "testing\\src\\getTest.o" "testing\\src\\indexOfTest.o" "testing\\src\\isEmptyTest.o" "testing\\src\\lenTest.o" "testing\\src\\main_test.o" "testing\\src\\newTest.o" "testing\\src\\popTest.o" "testing\\src\\pushTest.o" "testing\\src\\removeTest.o" "testing\\src\\setTest.o" "testing\\src\\sortTest.o" "testing\\src\\subListTest.o" "testing\\utest.o" 
14:48:48 **** Incremental Build of configuration Debug for project TP-4 ****
Info: Internal Builder is used for build
gcc -O0 -g3 -Wall -c -fmessage-length=0 -o "src\\LinkedList.o" "..\\src\\LinkedList.c" 
gcc -o TP-4 "src\\LinkedList.o" "src\\main.o" "testing\\src\\Employee.o" "testing\\src\\addNodeTest.o" "testing\\src\\addTest.o" "testing\\src\\clearTest.o" "testing\\src\\cloneTest.o" "testing\\src\\containsAllTest.o" "testing\\src\\containsTest.o" "testing\\src\\deleteLinkedListTest.o" "testing\\src\\getNodeTest.o" "testing\\src\\getTest.o" "testing\\src\\indexOfTest.o" "testing\\src\\isEmptyTest.o" "testing\\src\\lenTest.o" "testing\\src\\main_test.o" "testing\\src\\newTest.o" "testing\\src\\popTest.o" "testing\\src\\pushTest.o" "testing\\src\\removeTest.o" "testing\\src\\setTest.o" "testing\\src\\sortTest.o" "testing\\src\\subListTest.o" "testing\\utest.o" 
14:49:10 **** Incremental Build of configuration Debug for project TP-4 ****
Info: Internal Builder is used for build
gcc -O0 -g3 -Wall -c -fmessage-length=0 -o "src\\LinkedList.o" "..\\src\\LinkedList.c" 
gcc -o TP-4 "src\\LinkedList.o" "src\\main.o" "testing\\src\\Employee.o" "testing\\src\\addNodeTest.o" "testing\\src\\addTest.o" "testing\\src\\clearTest.o" "testing\\src\\cloneTest.o" "testing\\src\\containsAllTest.o" "testing\\src\\containsTest.o" "testing\\src\\deleteLinkedListTest.o" "testing\\src\\getNodeTest.o" "testing\\src\\getTest.o" "testing\\src\\indexOfTest.o" "testing\\src\\isEmptyTest.o" "testing\\src\\lenTest.o" "testing\\src\\main_test.o" "testing\\src\\newTest.o" "testing\\src\\popTest.o" "testing\\src\\pushTest.o" "testing\\src\\removeTest.o" "testing\\src\\setTest.o" "testing\\src\\sortTest.o" "testing\\src\\subListTest.o" "testing\\utest.o" 
14:52:23 **** Incremental Build of configuration Debug for project TP-4 ****
Info: Internal Builder is used for build
gcc -O0 -g3 -Wall -c -fmessage-length=0 -o "src\\LinkedList.o" "..\\src\\LinkedList.c" 
gcc -o TP-4 "src\\LinkedList.o" "src\\main.o" "testing\\src\\Employee.o" "testing\\src\\addNodeTest.o" "testing\\src\\addTest.o" "testing\\src\\clearTest.o" "testing\\src\\cloneTest.o" "testing\\src\\containsAllTest.o" "testing\\src\\containsTest.o" "testing\\src\\deleteLinkedListTest.o" "testing\\src\\getNodeTest.o" "testing\\src\\getTest.o" "testing\\src\\indexOfTest.o" "testing\\src\\isEmptyTest.o" "testing\\src\\lenTest.o" "testing\\src\\main_test.o" "testing\\src\\newTest.o" "testing\\src\\popTest.o" "testing\\src\\pushTest.o" "testing\\src\\removeTest.o" "testing\\src\\setTest.o" "testing\\src\\sortTest.o" "testing\\src\\subListTest.o" "testing\\utest.o" 
